d:\github\local\project\debug\vc141.pdb
d:\github\local\project\debug\vc141.idb
d:\github\local\project\debug\main.obj
d:\github\local\project\debug\application.obj
d:\github\local\project\debug\ddstextureloader.obj
d:\github\local\project\debug\fragment.cso
d:\github\local\project\debug\geometryshader.cso
d:\github\local\project\debug\vertex.cso
d:\github\local\project\debug\defpixel.cso
d:\github\local\project\debug\defvertex.cso
d:\github\local\project\debug\geometry.cso
d:\github\local\project\debug\pixel.cso
d:\github\local\project\debug\demo.exe
d:\github\local\project\debug\demo.ilk
d:\github\local\project\debug\demo.pdb
d:\github\local\project\debug\demo.tlog\cl.command.1.tlog
d:\github\local\project\debug\demo.tlog\cl.read.1.tlog
d:\github\local\project\debug\demo.tlog\cl.write.1.tlog
d:\github\local\project\debug\demo.tlog\demo.write.1u.tlog
d:\github\local\project\debug\demo.tlog\fxc.command.1.tlog
d:\github\local\project\debug\demo.tlog\fxc.read.1.tlog
d:\github\local\project\debug\demo.tlog\fxc.write.1.tlog
d:\github\local\project\debug\demo.tlog\link.command.1.tlog
d:\github\local\project\debug\demo.tlog\link.read.1.tlog
d:\github\local\project\debug\demo.tlog\link.write.1.tlog
